        -:    0:Source:ClintList.c
        -:    0:Graph:ClintList.gcno
        -:    0:Data:ClintList.gcda
        -:    0:Runs:0
        -:    1:#include "ClintList.h"
        -:    2:
function NewClient called 0 returned 0% blocks executed 0%
    #####:    3:struct Node_Client* NewClient(){
    #####:    4:    struct Node_Client* newClient = (struct Node_Client*) malloc(sizeof(struct Node_Client));
    #####:    5:    newClient->next = NULL;
    #####:    6:    newClient->prev = NULL;
    #####:    7:    newClient->data = NULL;
    #####:    8:    return newClient;
    %%%%%:    8-block  0
unconditional  0 never executed
        -:    9:}
        -:   10:
        -:   11:
function AddClient called 0 returned 0% blocks executed 0%
    #####:   12:bool AddClient(struct ClientList* list, struct Client* client){
        -:   13:
    #####:   14:    struct Node_Client* newClient = NewClient();
    %%%%%:   14-block  0
call    0 never executed
    #####:   15:    newClient->data = (struct Client*) malloc(sizeof(struct Client));
    #####:   16:    newClient->data = client;
        -:   17:
    #####:   18:    if(list->head == NULL){
branch  0 never executed
branch  1 never executed
    #####:   19:        list->head = newClient;
    #####:   20:        list->tail = list->head;
    #####:   21:        return false;
    %%%%%:   21-block  0
unconditional  0 never executed
        -:   22:    }
        -:   23:
    #####:   24:    list->head->prev = newClient;
    #####:   25:    newClient->next = list->head;
    #####:   26:    list->head = newClient;
    #####:   27:    return true;
    %%%%%:   27-block  0
unconditional  0 never executed
        -:   28:}
        -:   29:
        -:   30:
function PrintClients called 0 returned 0% blocks executed 0%
    #####:   31:bool PrintClients(struct ClientList list){
        -:   32:
    #####:   33:    printf("\n____Printing Clients____\n\n");
    %%%%%:   33-block  0
call    0 never executed
    #####:   34:    if(list.head == NULL){
branch  0 never executed
branch  1 never executed
    #####:   35:        printf("Client List is empty!\n");
    %%%%%:   35-block  0
call    0 never executed
    #####:   36:        return false;
unconditional  0 never executed
        -:   37:    }
        -:   38:
    #####:   39:    struct Node_Client* temp = list.head;
    #####:   40:    while(temp != NULL){
    %%%%%:   40-block  0
unconditional  0 never executed
    %%%%%:   40-block  1
branch  1 never executed
branch  2 never executed
    #####:   41:        PrintInfo(*temp->data);
    %%%%%:   41-block  0
call    0 never executed
    #####:   42:        temp = temp->next;
unconditional  0 never executed
        -:   43:    }
    #####:   44:    printf("________________________\n");
    %%%%%:   44-block  0
call    0 never executed
    #####:   45:    return true;
unconditional  0 never executed
        -:   46:}
        -:   47:
        -:   48:
function PrintAllNames called 0 returned 0% blocks executed 0%
    #####:   49:int PrintAllNames(struct ClientList list){
        -:   50:
    #####:   51:    printf("\n____Printing Clients By Name____\n");
    %%%%%:   51-block  0
call    0 never executed
    #####:   52:    if(list.head == NULL){
branch  0 never executed
branch  1 never executed
    #####:   53:        printf("Client List is empty!\n");
    %%%%%:   53-block  0
call    0 never executed
    #####:   54:        return 0;
unconditional  0 never executed
        -:   55:    }
        -:   56:
    #####:   57:    struct Node_Client* temp = list.head;
    #####:   58:    int num = 1;
    #####:   59:    while(temp != NULL){
    %%%%%:   59-block  0
unconditional  0 never executed
    %%%%%:   59-block  1
branch  1 never executed
branch  2 never executed
    #####:   60:        printf("%i. %s\n", num, temp->data->name);
    %%%%%:   60-block  0
call    0 never executed
    #####:   61:        num ++;
    #####:   62:        temp = temp->next;
unconditional  0 never executed
        -:   63:    }
    #####:   64:    printf("_____________________________\n");
    %%%%%:   64-block  0
call    0 never executed
        -:   65:
    #####:   66:    return num;
unconditional  0 never executed
        -:   67:
        -:   68:}
        -:   69:
        -:   70:
function SearchClient called 0 returned 0% blocks executed 0%
    #####:   71:struct Node_Client* SearchClient(struct ClientList* list, struct Client* man){
    #####:   72:    struct Node_Client *temp = list->head;
        -:   73:
    #####:   74:    while(temp != NULL && temp->data != man){
    %%%%%:   74-block  0
unconditional  0 never executed
    %%%%%:   74-block  1
branch  1 never executed
branch  2 never executed
    %%%%%:   74-block  2
branch  3 never executed
branch  4 never executed
    #####:   75:        temp = temp->next;
    %%%%%:   75-block  0
unconditional  0 never executed
        -:   76:    }
        -:   77:
    #####:   78:    if(temp == NULL && temp->data == NULL){
    %%%%%:   78-block  0
branch  0 never executed
branch  1 never executed
    %%%%%:   78-block  1
branch  2 never executed
branch  3 never executed
    #####:   79:        printf("No Client found\n");
    %%%%%:   79-block  0
call    0 never executed
    #####:   80:        return NULL;
unconditional  0 never executed
        -:   81:    }
        -:   82:
    #####:   83:    return temp;
    %%%%%:   83-block  0
unconditional  0 never executed
        -:   84:}
        -:   85:
        -:   86:
function SearchMan called 0 returned 0% blocks executed 0%
    #####:   87:struct Node_Client* SearchMan(struct ClientList* list, const char *name){
    #####:   88:    struct Node_Client *temp = list->head;
        -:   89:
        -:   90:
    #####:   91:    while(temp->data->name != name){
    %%%%%:   91-block  0
unconditional  0 never executed
    %%%%%:   91-block  1
branch  1 never executed
branch  2 never executed
    #####:   92:        temp = temp->next;
    %%%%%:   92-block  0
unconditional  0 never executed
        -:   93:    }
        -:   94:
    #####:   95:    if(temp->data == NULL){
    %%%%%:   95-block  0
branch  0 never executed
branch  1 never executed
    #####:   96:        printf("No Client found\n");
    %%%%%:   96-block  0
call    0 never executed
    #####:   97:        return NULL;
unconditional  0 never executed
        -:   98:    }
        -:   99:
    #####:  100:    return temp;
    %%%%%:  100-block  0
unconditional  0 never executed
        -:  101:}
        -:  102:
function DeleteClient called 0 returned 0% blocks executed 0%
    #####:  103:bool DeleteClient(struct ClientList* list, struct Client* man){
    #####:  104:    struct Node_Client* rmClient = SearchClient(list, man);
    %%%%%:  104-block  0
call    0 never executed
        -:  105:
    #####:  106:    if(rmClient == NULL){
branch  0 never executed
branch  1 never executed
    #####:  107:        return false;
    %%%%%:  107-block  0
unconditional  0 never executed
        -:  108:    }
        -:  109:
    #####:  110:    if(rmClient == list->tail){
    %%%%%:  110-block  0
branch  0 never executed
branch  1 never executed
    #####:  111:        list->tail->prev->next = NULL;
    #####:  112:        list->tail = rmClient->prev;
    %%%%%:  112-block  0
unconditional  0 never executed
        -:  113:    }
    #####:  114:    else if(rmClient == list->head){
    %%%%%:  114-block  0
branch  0 never executed
branch  1 never executed
    #####:  115:        list->head->next->prev = NULL;
    #####:  116:        list->head = rmClient->next;
    %%%%%:  116-block  0
unconditional  0 never executed
        -:  117:    }
        -:  118:    else {
    #####:  119:        rmClient->next->prev = rmClient->prev;
    #####:  120:        rmClient->prev->next = rmClient->next;
    %%%%%:  120-block  0
unconditional  0 never executed
        -:  121:    }
        -:  122:
    #####:  123:    printf("Client: <%s> is deleted\n\n", rmClient->data->name);
    %%%%%:  123-block  0
call    0 never executed
    #####:  124:    free(rmClient);
    #####:  125:    return true;
unconditional  0 never executed
        -:  126:}
        -:  127:
function PrintInfo called 0 returned 0% blocks executed 0%
    #####:  128:bool PrintInfo(struct Client client){
    #####:  129:    printf("\tClient: %s\nPassport: %s\n\n", client.name, client.Passport);
    %%%%%:  129-block  0
call    0 never executed
    #####:  130:    return true;
unconditional  0 never executed
        -:  131:}
